生成启动时间为 2016/10/20 0:40:26。
     1>项目“E:\Projects\HeapSort\HeapSort\HeapSort.vcxproj”在节点 2 上(rebuild 个目标)。
     1>PrepareForBuild:
         正在创建目录“E:\Projects\HeapSort\Debug\”。
       InitializeBuildStatus:
         正在创建“Debug\HeapSort.unsuccessfulbuild”，因为已指定“AlwaysCreate”。
       ClCompile:
         C:\Program Files (x86)\Microsoft Visual Studio 10.0\VC\bin\CL.exe /c /ZI /nologo /W3 /WX- /Od /Oy- /D WIN32 /D _DEBUG /D _CONSOLE /D _UNICODE /D UNICODE /Gm /EHsc /RTC1 /MDd /GS /fp:precise /Zc:wchar_t /Zc:forScope /Yc"StdAfx.h" /Fp"Debug\HeapSort.pch" /Fo"Debug\\" /Fd"Debug\vc100.pdb" /Gd /TP /analyze- /errorReport:prompt stdafx.cpp
         stdafx.cpp
         C:\Program Files (x86)\Microsoft Visual Studio 10.0\VC\bin\CL.exe /c /ZI /nologo /W3 /WX- /Od /Oy- /D WIN32 /D _DEBUG /D _CONSOLE /D _UNICODE /D UNICODE /Gm /EHsc /RTC1 /MDd /GS /fp:precise /Zc:wchar_t /Zc:forScope /Yu"StdAfx.h" /Fp"Debug\HeapSort.pch" /Fo"Debug\\" /Fd"Debug\vc100.pdb" /Gd /TP /analyze- /errorReport:prompt HeapSort.cpp
         HeapSort.cpp
       ManifestResourceCompile:
         C:\Program Files (x86)\Microsoft SDKs\Windows\v7.0A\bin\rc.exe /nologo /fo"Debug\HeapSort.exe.embed.manifest.res" Debug\HeapSort_manifest.rc 
       Link:
         C:\Program Files (x86)\Microsoft Visual Studio 10.0\VC\bin\link.exe /ERRORREPORT:PROMPT /OUT:"E:\Projects\HeapSort\Debug\HeapSort.exe" /INCREMENTAL /NOLOGO kernel32.lib user32.lib gdi32.lib winspool.lib comdlg32.lib advapi32.lib shell32.lib ole32.lib oleaut32.lib uuid.lib odbc32.lib odbccp32.lib /MANIFEST /ManifestFile:"Debug\HeapSort.exe.intermediate.manifest" /MANIFESTUAC:"level='asInvoker' uiAccess='false'" /DEBUG /PDB:"E:\Projects\HeapSort\Debug\HeapSort.pdb" /SUBSYSTEM:CONSOLE /TLBID:1 /DYNAMICBASE /NXCOMPAT /IMPLIB:"E:\Projects\HeapSort\Debug\HeapSort.lib" /MACHINE:X86 Debug\HeapSort.exe.embed.manifest.res
         Debug\HeapSort.obj
         Debug\stdafx.obj
       Manifest:
         正在删除文件“Debug\HeapSort.exe.embed.manifest”。
         C:\Program Files (x86)\Microsoft SDKs\Windows\v7.0A\bin\mt.exe /nologo /verbose /out:"Debug\HeapSort.exe.embed.manifest" /manifest Debug\HeapSort.exe.intermediate.manifest
         C:\Program Files (x86)\Microsoft SDKs\Windows\v7.0A\bin\rc.exe /nologo /fo"Debug\HeapSort.exe.embed.manifest.res" Debug\HeapSort_manifest.rc 
       LinkEmbedManifest:
         C:\Program Files (x86)\Microsoft Visual Studio 10.0\VC\bin\link.exe /ERRORREPORT:PROMPT /OUT:"E:\Projects\HeapSort\Debug\HeapSort.exe" /INCREMENTAL /NOLOGO kernel32.lib user32.lib gdi32.lib winspool.lib comdlg32.lib advapi32.lib shell32.lib ole32.lib oleaut32.lib uuid.lib odbc32.lib odbccp32.lib /MANIFEST /ManifestFile:"Debug\HeapSort.exe.intermediate.manifest" /MANIFESTUAC:"level='asInvoker' uiAccess='false'" /DEBUG /PDB:"E:\Projects\HeapSort\Debug\HeapSort.pdb" /SUBSYSTEM:CONSOLE /TLBID:1 /DYNAMICBASE /NXCOMPAT /IMPLIB:"E:\Projects\HeapSort\Debug\HeapSort.lib" /MACHINE:X86 Debug\HeapSort.exe.embed.manifest.res
         Debug\HeapSort.obj
         Debug\stdafx.obj
         HeapSort.vcxproj -> E:\Projects\HeapSort\Debug\HeapSort.exe
       FinalizeBuildStatus:
         正在删除文件“Debug\HeapSort.unsuccessfulbuild”。
         正在对“Debug\HeapSort.lastbuildstate”执行 Touch 任务。
     1>已完成生成项目“E:\Projects\HeapSort\HeapSort\HeapSort.vcxproj”(rebuild 个目标)的操作。

生成成功。

已用时间 00:00:03.42
