E:\PROJECTS\FSIMULATION\DEBUG\FSIMULATION.EXE
E:\PROJECTS\FSIMULATION\DEBUG\FSIMULATION.ILK
E:\PROJECTS\FSIMULATION\DEBUG\FSIMULATION.PDB
E:\PROJECTS\FSIMULATION\FSIMULATION\DEBUG\AGV.OBJ
E:\Projects\FSimulation\FSimulation\Debug\cl.command.1.tlog
E:\Projects\FSimulation\FSimulation\Debug\CL.read.1.tlog
E:\Projects\FSimulation\FSimulation\Debug\CL.write.1.tlog
E:\PROJECTS\FSIMULATION\FSIMULATION\DEBUG\DIALOG_AGV_NUM_SET.OBJ
E:\PROJECTS\FSIMULATION\FSIMULATION\DEBUG\DIALOG_SET_TIME_SCALE.OBJ
E:\PROJECTS\FSIMULATION\FSIMULATION\DEBUG\FSIMULATION.EXE.EMBED.MANIFEST
E:\PROJECTS\FSIMULATION\FSIMULATION\DEBUG\FSIMULATION.EXE.EMBED.MANIFEST.RES
E:\PROJECTS\FSIMULATION\FSIMULATION\DEBUG\FSIMULATION.EXE.INTERMEDIATE.MANIFEST
E:\PROJECTS\FSIMULATION\FSIMULATION\DEBUG\FSIMULATION.OBJ
E:\PROJECTS\FSIMULATION\FSIMULATION\DEBUG\FSIMULATION.PCH
E:\PROJECTS\FSIMULATION\FSIMULATION\DEBUG\FSIMULATION.RES
E:\Projects\FSimulation\FSimulation\Debug\FSimulation.write.1.tlog
E:\Projects\FSimulation\FSimulation\Debug\FSimulation_manifest.rc
E:\PROJECTS\FSIMULATION\FSIMULATION\DEBUG\FSIMULATIONDOC.OBJ
E:\PROJECTS\FSIMULATION\FSIMULATION\DEBUG\FSIMULATIONVIEW.OBJ
E:\Projects\FSimulation\FSimulation\Debug\link.command.1.tlog
E:\Projects\FSimulation\FSimulation\Debug\link.read.1.tlog
E:\Projects\FSimulation\FSimulation\Debug\link.write.1.tlog
E:\Projects\FSimulation\FSimulation\Debug\link-cvtres.read.1.tlog
E:\Projects\FSimulation\FSimulation\Debug\link-cvtres.write.1.tlog
E:\PROJECTS\FSIMULATION\FSIMULATION\DEBUG\MAINFRM.OBJ
E:\PROJECTS\FSIMULATION\FSIMULATION\DEBUG\MAP_RESOURCE.OBJ
E:\Projects\FSimulation\FSimulation\Debug\mt.command.1.tlog
E:\Projects\FSimulation\FSimulation\Debug\mt.read.1.tlog
E:\Projects\FSimulation\FSimulation\Debug\mt.write.1.tlog
E:\Projects\FSimulation\FSimulation\Debug\rc.command.1.tlog
E:\Projects\FSimulation\FSimulation\Debug\rc.read.1.tlog
E:\Projects\FSimulation\FSimulation\Debug\rc.write.1.tlog
E:\PROJECTS\FSIMULATION\FSIMULATION\DEBUG\STDAFX.OBJ
E:\Projects\FSimulation\FSimulation\Debug\vc100.idb
E:\PROJECTS\FSIMULATION\FSIMULATION\DEBUG\VC100.PDB
